[0m11:42:26.151891 [debug] [MainThread]: Sending event: {'category': 'dbt', 'action': 'invocation', 'label': 'start', 'context': [<snowplow_tracker.self_describing_json.SelfDescribingJson object at 0x00000217A2574BD0>, <snowplow_tracker.self_describing_json.SelfDescribingJson object at 0x00000217A25748D0>, <snowplow_tracker.self_describing_json.SelfDescribingJson object at 0x00000217A25749D0>]}


============================== 11:42:26.151891 | f17ee9f9-dc08-4254-8922-6e34d0ce9ef1 ==============================
[0m11:42:26.151891 [info ] [MainThread]: Running with dbt=1.9.2
[0m11:42:26.151891 [debug] [MainThread]: running dbt with arguments {'printer_width': '80', 'indirect_selection': 'eager', 'log_cache_events': 'False', 'write_json': 'True', 'partial_parse': 'True', 'cache_selected_only': 'False', 'profiles_dir': 'C:\\Users\\Ahmad Mahin\\.dbt', 'fail_fast': 'False', 'debug': 'False', 'log_path': 'Z:\\Documents_\\data eng\\Zoomcamp\\homeworks\\4 dbt analytics\\dbt-cli-venv\\taxi_rides_ny\\logs', 'version_check': 'True', 'warn_error': 'None', 'use_colors': 'True', 'use_experimental_parser': 'False', 'empty': 'None', 'quiet': 'False', 'no_print': 'None', 'warn_error_options': 'WarnErrorOptions(include=[], exclude=[])', 'invocation_command': 'dbt debug', 'introspect': 'True', 'static_parser': 'True', 'target_path': 'None', 'log_format': 'default', 'send_anonymous_usage_stats': 'True'}
[0m11:42:26.185031 [info ] [MainThread]: dbt version: 1.9.2
[0m11:42:26.185031 [info ] [MainThread]: python version: 3.11.9
[0m11:42:26.185031 [info ] [MainThread]: python path: Z:\Documents_\data eng\Zoomcamp\homeworks\4 dbt analytics\dbt-cli-venv\Scripts\python.exe
[0m11:42:26.185031 [info ] [MainThread]: os info: Windows-10-10.0.19045-SP0
[0m11:42:26.232004 [info ] [MainThread]: Using profiles dir at C:\Users\Ahmad Mahin\.dbt
[0m11:42:26.232004 [info ] [MainThread]: Using profiles.yml file at C:\Users\Ahmad Mahin\.dbt\profiles.yml
[0m11:42:26.232004 [info ] [MainThread]: Using dbt_project.yml file at Z:\Documents_\data eng\Zoomcamp\homeworks\4 dbt analytics\dbt-cli-venv\taxi_rides_ny\dbt_project.yml
[0m11:42:26.232004 [info ] [MainThread]: adapter type: postgres
[0m11:42:26.232004 [info ] [MainThread]: adapter version: 1.9.0
[0m11:42:26.310690 [info ] [MainThread]: Configuration:
[0m11:42:26.310690 [info ] [MainThread]:   profiles.yml file [[32mOK found and valid[0m]
[0m11:42:26.310690 [info ] [MainThread]:   dbt_project.yml file [[32mOK found and valid[0m]
[0m11:42:26.310690 [info ] [MainThread]: Required dependencies:
[0m11:42:26.310690 [debug] [MainThread]: Executing "git --help"
[0m11:42:26.338952 [debug] [MainThread]: STDOUT: "b"usage: git [-v | --version] [-h | --help] [-C <path>] [-c <name>=<value>]\n           [--exec-path[=<path>]] [--html-path] [--man-path] [--info-path]\n           [-p | --paginate | -P | --no-pager] [--no-replace-objects] [--no-lazy-fetch]\n           [--no-optional-locks] [--no-advice] [--bare] [--git-dir=<path>]\n           [--work-tree=<path>] [--namespace=<name>] [--config-env=<name>=<envvar>]\n           <command> [<args>]\n\nThese are common Git commands used in various situations:\n\nstart a working area (see also: git help tutorial)\n   clone      Clone a repository into a new directory\n   init       Create an empty Git repository or reinitialize an existing one\n\nwork on the current change (see also: git help everyday)\n   add        Add file contents to the index\n   mv         Move or rename a file, a directory, or a symlink\n   restore    Restore working tree files\n   rm         Remove files from the working tree and from the index\n\nexamine the history and state (see also: git help revisions)\n   bisect     Use binary search to find the commit that introduced a bug\n   diff       Show changes between commits, commit and working tree, etc\n   grep       Print lines matching a pattern\n   log        Show commit logs\n   show       Show various types of objects\n   status     Show the working tree status\n\ngrow, mark and tweak your common history\n   backfill   Download missing objects in a partial clone\n   branch     List, create, or delete branches\n   commit     Record changes to the repository\n   merge      Join two or more development histories together\n   rebase     Reapply commits on top of another base tip\n   reset      Reset current HEAD to the specified state\n   switch     Switch branches\n   tag        Create, list, delete or verify a tag object signed with GPG\n\ncollaborate (see also: git help workflows)\n   fetch      Download objects and refs from another repository\n   pull       Fetch from and integrate with another repository or a local branch\n   push       Update remote refs along with associated objects\n\n'git help -a' and 'git help -g' list available subcommands and some\nconcept guides. See 'git help <command>' or 'git help <concept>'\nto read about a specific subcommand or concept.\nSee 'git help git' for an overview of the system.\n""
[0m11:42:26.338952 [debug] [MainThread]: STDERR: "b''"
[0m11:42:26.338952 [info ] [MainThread]:  - git [[32mOK found[0m]

[0m11:42:26.338952 [info ] [MainThread]: Connection:
[0m11:42:26.338952 [info ] [MainThread]:   host: localhost
[0m11:42:26.338952 [info ] [MainThread]:   port: 5432
[0m11:42:26.354590 [info ] [MainThread]:   user: postgres
[0m11:42:26.354590 [info ] [MainThread]:   database: dbtcli
[0m11:42:26.354590 [info ] [MainThread]:   schema: public
[0m11:42:26.354590 [info ] [MainThread]:   connect_timeout: 10
[0m11:42:26.354590 [info ] [MainThread]:   role: None
[0m11:42:26.354590 [info ] [MainThread]:   search_path: None
[0m11:42:26.354590 [info ] [MainThread]:   keepalives_idle: 0
[0m11:42:26.354590 [info ] [MainThread]:   sslmode: None
[0m11:42:26.354590 [info ] [MainThread]:   sslcert: None
[0m11:42:26.354590 [info ] [MainThread]:   sslkey: None
[0m11:42:26.354590 [info ] [MainThread]:   sslrootcert: None
[0m11:42:26.354590 [info ] [MainThread]:   application_name: dbt
[0m11:42:26.354590 [info ] [MainThread]:   retries: 1
[0m11:42:26.354590 [info ] [MainThread]: Registered adapter: postgres=1.9.0
[0m11:42:26.511530 [debug] [MainThread]: Acquiring new postgres connection 'debug'
[0m11:42:29.576735 [debug] [MainThread]: Using postgres connection "debug"
[0m11:42:29.576735 [debug] [MainThread]: On debug: select 1 as id
[0m11:42:29.576735 [debug] [MainThread]: Opening a new connection, currently in state init
[0m11:42:29.608757 [debug] [MainThread]: SQL status: SELECT 1 in 0.025 seconds
[0m11:42:29.608757 [debug] [MainThread]: On debug: Close
[0m11:42:29.608757 [info ] [MainThread]:   Connection test: [[32mOK connection ok[0m]

[0m11:42:29.617634 [info ] [MainThread]: [32mAll checks passed![0m
[0m11:42:29.618670 [debug] [MainThread]: Command `dbt debug` succeeded at 11:42:29.618670 after 3.54 seconds
[0m11:42:29.618670 [debug] [MainThread]: Connection 'debug' was properly closed.
[0m11:42:29.619706 [debug] [MainThread]: Sending event: {'category': 'dbt', 'action': 'invocation', 'label': 'end', 'context': [<snowplow_tracker.self_describing_json.SelfDescribingJson object at 0x000002179BF2FFD0>, <snowplow_tracker.self_describing_json.SelfDescribingJson object at 0x000002179BFE45D0>, <snowplow_tracker.self_describing_json.SelfDescribingJson object at 0x000002179C230090>]}
[0m11:42:29.620256 [debug] [MainThread]: Flushing usage events
[0m11:42:30.621482 [debug] [MainThread]: An error was encountered while trying to flush usage events
